<?xml version="1.0" encoding="UTF-8"?>
<!-- Generated by org.testng.reporters.JUnitReportReporter -->
<testsuite hostname="DESKTOP-DG4NUTJ" failures="0" tests="1" name="watch.SignupPageTest" time="0.265" errors="0" timestamp="2022-01-16T13:37:21 IST" skipped="0">
  <testcase classname="watch.SignupPageTest" name="EnterName" time="0.265"/>
  <system-out/>
</testsuite> <!-- watch.SignupPageTest -->
